<?xml version="1.0" encoding="UTF-8"?>
<!-- Generated by org.testng.reporters.JUnitXMLReporter -->
<testsuite ignored="0" hostname="LAPTOP-U1L5J0SK" failures="0" tests="4" name="Test" time="7.892" errors="0" timestamp="2023-07-12T20:37:39 IST">
  <testcase classname="Day8.CreateUser" name="test_CreateUser" time="2.958"/>
  <testcase classname="Day8.GetUser" name="test_getUser" time="1.269"/>
  <testcase classname="Day8.UpdateUser" name="test_UpdateUser" time="2.404"/>
  <testcase classname="Day8.DeleteUser" name="test_deleteUser" time="1.223"/>
</testsuite> <!-- Test -->
