<?xml version="1.0" encoding="UTF-8"?>
<testng-results ignored="0" total="4" passed="4" failed="0" skipped="0">
  <reporter-output>
  </reporter-output>
  <suite started-at="2023-07-12T20:37:31 IST" name="Suite" finished-at="2023-07-12T20:37:39 IST" duration-ms="7892">
    <groups>
    </groups>
    <test started-at="2023-07-12T20:37:31 IST" name="Test" finished-at="2023-07-12T20:37:39 IST" duration-ms="7892">
      <class name="Day8.UpdateUser">
        <test-method signature="test_UpdateUser(org.testng.ITestContext)[pri:0, instance:Day8.UpdateUser@34b7ac2f]" started-at="2023-07-12T20:37:36 IST" name="test_UpdateUser" finished-at="2023-07-12T20:37:38 IST" duration-ms="2404" status="PASS">
          <params>
            <param index="0">
              <value>
                <![CDATA[org.testng.TestRunner@40a4337a]]>
              </value>
            </param>
          </params>
          <reporter-output>
          </reporter-output>
        </test-method> <!-- test_UpdateUser -->
      </class> <!-- Day8.UpdateUser -->
      <class name="Day8.GetUser">
        <test-method signature="test_getUser(org.testng.ITestContext)[pri:0, instance:Day8.GetUser@6e4784bc]" started-at="2023-07-12T20:37:34 IST" name="test_getUser" finished-at="2023-07-12T20:37:36 IST" duration-ms="1269" status="PASS">
          <params>
            <param index="0">
              <value>
                <![CDATA[org.testng.TestRunner@40a4337a]]>
              </value>
            </param>
          </params>
          <reporter-output>
          </reporter-output>
        </test-method> <!-- test_getUser -->
      </class> <!-- Day8.GetUser -->
      <class name="Day8.DeleteUser">
        <test-method signature="test_deleteUser(org.testng.ITestContext)[pri:0, instance:Day8.DeleteUser@e056f20]" started-at="2023-07-12T20:37:38 IST" name="test_deleteUser" finished-at="2023-07-12T20:37:39 IST" duration-ms="1223" status="PASS">
          <params>
            <param index="0">
              <value>
                <![CDATA[org.testng.TestRunner@40a4337a]]>
              </value>
            </param>
          </params>
          <reporter-output>
          </reporter-output>
        </test-method> <!-- test_deleteUser -->
      </class> <!-- Day8.DeleteUser -->
      <class name="Day8.CreateUser">
        <test-method signature="test_CreateUser(org.testng.ITestContext)[pri:0, instance:Day8.CreateUser@49d904ec]" started-at="2023-07-12T20:37:31 IST" name="test_CreateUser" finished-at="2023-07-12T20:37:34 IST" duration-ms="2958" status="PASS">
          <params>
            <param index="0">
              <value>
                <![CDATA[org.testng.TestRunner@40a4337a]]>
              </value>
            </param>
          </params>
          <reporter-output>
          </reporter-output>
        </test-method> <!-- test_CreateUser -->
      </class> <!-- Day8.CreateUser -->
    </test> <!-- Test -->
  </suite> <!-- Suite -->
</testng-results>
